Using pre-set license
Built from '2022.1/staging' branch; Version is '2022.1.19f1 (2fd7b40534d1) revision 3135412'; Using compiler version '192829333'; Build Type 'Release'
OS: 'Windows 10  (10.0.19044) 64bit Professional' Language: 'pl' Physical Memory: 16197 MB
BatchMode: 1, IsHumanControllingUs: 0, StartBugReporterOnCrash: 0, Is64bit: 1, IsPro: 1

COMMAND LINE ARGUMENTS:
C:\Program Files\Unity\Hub\Editor\2022.1.19f1\Editor\Unity.exe
-adb2
-batchMode
-noUpm
-name
AssetImportWorker0
-projectPath
C:/Users/PC/Repo/Working_Unity_projects/Unity_Projects/KFC_Surfers
-logFile
Logs/AssetImportWorker0.log
-srvPort
53849
Successfully changed project path to: C:/Users/PC/Repo/Working_Unity_projects/Unity_Projects/KFC_Surfers
C:/Users/PC/Repo/Working_Unity_projects/Unity_Projects/KFC_Surfers
[UnityMemory] Configuration Parameters - Can be set up in boot.config
    "memorysetup-bucket-allocator-granularity=16"
    "memorysetup-bucket-allocator-bucket-count=8"
    "memorysetup-bucket-allocator-block-size=33554432"
    "memorysetup-bucket-allocator-block-count=8"
    "memorysetup-main-allocator-block-size=16777216"
    "memorysetup-thread-allocator-block-size=16777216"
    "memorysetup-gfx-main-allocator-block-size=16777216"
    "memorysetup-gfx-thread-allocator-block-size=16777216"
    "memorysetup-cache-allocator-block-size=4194304"
    "memorysetup-typetree-allocator-block-size=2097152"
    "memorysetup-profiler-bucket-allocator-granularity=16"
    "memorysetup-profiler-bucket-allocator-bucket-count=8"
    "memorysetup-profiler-bucket-allocator-block-size=33554432"
    "memorysetup-profiler-bucket-allocator-block-count=8"
    "memorysetup-profiler-allocator-block-size=16777216"
    "memorysetup-profiler-editor-allocator-block-size=1048576"
    "memorysetup-temp-allocator-size-main=16777216"
    "memorysetup-job-temp-allocator-block-size=2097152"
    "memorysetup-job-temp-allocator-block-size-background=1048576"
    "memorysetup-job-temp-allocator-reduction-small-platforms=262144"
    "memorysetup-temp-allocator-size-background-worker=32768"
    "memorysetup-temp-allocator-size-job-worker=262144"
    "memorysetup-temp-allocator-size-preload-manager=33554432"
    "memorysetup-temp-allocator-size-nav-mesh-worker=65536"
    "memorysetup-temp-allocator-size-audio-worker=65536"
    "memorysetup-temp-allocator-size-cloud-worker=32768"
    "memorysetup-temp-allocator-size-gi-baking-worker=262144"
    "memorysetup-temp-allocator-size-gfx=262144"
Refreshing native plugins compatible for Editor in 62.55 ms, found 3 plugins.
Preloading 0 native plugins for Editor in 0.00 ms.
Initialize engine version: 2022.1.19f1 (2fd7b40534d1)
[Subsystems] Discovering subsystems at path C:/Program Files/Unity/Hub/Editor/2022.1.19f1/Editor/Data/Resources/UnitySubsystems
[Subsystems] Discovering subsystems at path C:/Users/PC/Repo/Working_Unity_projects/Unity_Projects/KFC_Surfers/Assets
GfxDevice: creating device client; threaded=0; jobified=0
Direct3D:
    Version:  Direct3D 11.0 [level 11.1]
    Renderer: NVIDIA GeForce GTX 1060 6GB (ID=0x1c03)
    Vendor:   NVIDIA
    VRAM:     6043 MB
    Driver:   31.0.15.2698
Initialize mono
Mono path[0] = 'C:/Program Files/Unity/Hub/Editor/2022.1.19f1/Editor/Data/Managed'
Mono path[1] = 'C:/Program Files/Unity/Hub/Editor/2022.1.19f1/Editor/Data/MonoBleedingEdge/lib/mono/unityjit-win32'
Mono config path = 'C:/Program Files/Unity/Hub/Editor/2022.1.19f1/Editor/Data/MonoBleedingEdge/etc'
Using monoOptions --debugger-agent=transport=dt_socket,embedding=1,server=y,suspend=n,address=127.0.0.1:56180
Begin MonoManager ReloadAssembly
Registering precompiled unity dll's ...
Register platform support module: C:/Program Files/Unity/Hub/Editor/2022.1.19f1/Editor/Data/PlaybackEngines/WindowsStandaloneSupport/UnityEditor.WindowsStandalone.Extensions.dll
Registered in 0.007020 seconds.
Native extension for WindowsStandalone target not found
Refreshing native plugins compatible for Editor in 53.69 ms, found 3 plugins.
Preloading 0 native plugins for Editor in 0.00 ms.
Mono: successfully reloaded assembly
- Completed reload, in  0.552 seconds
Domain Reload Profiling:
	ReloadAssembly (552ms)
		BeginReloadAssembly (104ms)
			ExecutionOrderSort (0ms)
			DisableScriptedObjects (0ms)
			BackupInstance (0ms)
			ReleaseScriptingObjects (0ms)
			CreateAndSetChildDomain (1ms)
		EndReloadAssembly (353ms)
			LoadAssemblies (102ms)
			RebuildTransferFunctionScriptingTraits (0ms)
			SetupTypeCache (86ms)
				TypeCache.Initialize (86ms)
					TypeCache.ScanAssembly (84ms)
				ResolveRequiredComponents (0ms)
			ReleaseScriptCaches (0ms)
			RebuildScriptCaches (22ms)
			SetupLoadedEditorAssemblies (201ms)
				LogAssemblyErrors (0ms)
				InitializePlatformSupportModulesInManaged (6ms)
				SetLoadedEditorAssemblies (6ms)
				RefreshPlugins (54ms)
				BeforeProcessingInitializeOnLoad (1ms)
				ProcessInitializeOnLoadAttributes (101ms)
				ProcessInitializeOnLoadMethodAttributes (34ms)
				AfterProcessingInitializeOnLoad (0ms)
				EditorAssembliesLoaded (0ms)
			ExecutionOrderSort2 (0ms)
			AwakeInstancesAfterBackupRestoration (0ms)
Platform modules already initialized, skipping
Registering precompiled user dll's ...
Registered in 0.012910 seconds.
Begin MonoManager ReloadAssembly
Symbol file LoadedFromMemory doesn't match image C:\Users\PC\Repo\Working_Unity_projects\Unity_Projects\KFC_Surfers\Library\PackageCache\com.unity.visualscripting@1.7.8\Editor\VisualScripting.Core\Dependencies\YamlDotNet\Unity.VisualScripting.YamlDotNet.dll
Symbol file LoadedFromMemory doesn't match image C:\Users\PC\Repo\Working_Unity_projects\Unity_Projects\KFC_Surfers\Library\PackageCache\com.unity.visualscripting@1.7.8\Editor\VisualScripting.Core\Dependencies\DotNetZip\Unity.VisualScripting.IonicZip.dll
Native extension for WindowsStandalone target not found
Refreshing native plugins compatible for Editor in 0.56 ms, found 3 plugins.
Preloading 0 native plugins for Editor in 0.00 ms.
Mono: successfully reloaded assembly
- Completed reload, in  0.855 seconds
Domain Reload Profiling:
	ReloadAssembly (855ms)
		BeginReloadAssembly (92ms)
			ExecutionOrderSort (0ms)
			DisableScriptedObjects (4ms)
			BackupInstance (0ms)
			ReleaseScriptingObjects (0ms)
			CreateAndSetChildDomain (16ms)
		EndReloadAssembly (666ms)
			LoadAssemblies (97ms)
			RebuildTransferFunctionScriptingTraits (0ms)
			SetupTypeCache (194ms)
				TypeCache.Initialize (191ms)
					TypeCache.ScanAssembly (188ms)
				ResolveRequiredComponents (3ms)
			ReleaseScriptCaches (0ms)
			RebuildScriptCaches (37ms)
			SetupLoadedEditorAssemblies (307ms)
				LogAssemblyErrors (0ms)
				InitializePlatformSupportModulesInManaged (4ms)
				SetLoadedEditorAssemblies (5ms)
				RefreshPlugins (1ms)
				BeforeProcessingInitializeOnLoad (63ms)
				ProcessInitializeOnLoadAttributes (204ms)
				ProcessInitializeOnLoadMethodAttributes (24ms)
				AfterProcessingInitializeOnLoad (5ms)
				EditorAssembliesLoaded (0ms)
			ExecutionOrderSort2 (0ms)
			AwakeInstancesAfterBackupRestoration (5ms)
Platform modules already initialized, skipping
========================================================================
Worker process is ready to serve import requests
Launched and connected shader compiler UnityShaderCompiler.exe after 0.05 seconds
Refreshing native plugins compatible for Editor in 0.40 ms, found 3 plugins.
Preloading 0 native plugins for Editor in 0.00 ms.
Unloading 3404 Unused Serialized files (Serialized files now loaded: 0)
Unloading 26 unused Assets / (58.3 KB). Loaded Objects now: 3864.
Memory consumption went from 0.51 GB to 0.51 GB.
Total: 2.346900 ms (FindLiveObjects: 0.184900 ms CreateObjectMapping: 0.081800 ms MarkObjects: 2.013000 ms  DeleteObjects: 0.066100 ms)

AssetImportParameters requested are different than current active one (requested -> active):
  custom:video-decoder-ogg-theora: a1e56fd34408186e4bbccfd4996cb3dc -> 
  custom:container-muxer-webm: aa71ff27fc2769a1b78a27578f13a17b -> 
  custom:container-demuxer-webm: 4f35f7cbe854078d1ac9338744f61a02 -> 
  custom:video-encoder-webm-vp8: eb34c28f22e8b96e1ab97ce403110664 -> 
  custom:audio-encoder-webm-vorbis: bf7c407c2cedff20999df2af8eb42d56 -> 
  custom:framework-win-MediaFoundation: 216162199b28c13a410421893ffa2e32 -> 
  custom:container-demuxer-ogg: 62fdf1f143b41e24485cea50d1cbac27 -> 
  custom:video-decoder-webm-vp8: 9c59270c3fd7afecdb556c50c9e8de78 -> 
  custom:audio-decoder-ogg-vorbis: bf7c407c2cedff20999df2af8eb42d56 -> 
========================================================================
Received Import Request.
  Time since last request: 470794.282569 seconds.
  path: Assets/Prefabs
  artifactKey: Guid(0c249e599393a244796b99763a3f0518) Importer(815301076,1909f56bfc062723c751e8b465ee728b)
Start importing Assets/Prefabs using Guid(0c249e599393a244796b99763a3f0518) Importer(815301076,1909f56bfc062723c751e8b465ee728b)  -> (artifact id: '5668b58fc625c82d6f51f70ed1e5900c') in 0.007381 seconds 
========================================================================
Received Import Request.
  Time since last request: 105.819326 seconds.
  path: Assets/Prefabs/New Prefab.prefab
  artifactKey: Guid(816bf2ba8ffcdc948a30693bbce23e33) Importer(815301076,1909f56bfc062723c751e8b465ee728b)
Start importing Assets/Prefabs/New Prefab.prefab using Guid(816bf2ba8ffcdc948a30693bbce23e33) Importer(815301076,1909f56bfc062723c751e8b465ee728b)  -> (artifact id: '1a80e92ee5284291eb60c87f277407c1') in 0.035461 seconds 
========================================================================
Received Import Request.
  Time since last request: 38.318781 seconds.
  path: Assets/Prefabs/Hurdle_Low.prefab
  artifactKey: Guid(816bf2ba8ffcdc948a30693bbce23e33) Importer(815301076,1909f56bfc062723c751e8b465ee728b)
Start importing Assets/Prefabs/Hurdle_Low.prefab using Guid(816bf2ba8ffcdc948a30693bbce23e33) Importer(815301076,1909f56bfc062723c751e8b465ee728b)  -> (artifact id: 'fb45dfca9a9d65943f330a85ef7c7452') in 0.008240 seconds 
========================================================================
Received Import Request.
  Time since last request: 1120.116179 seconds.
  path: Assets/Prefabs/Hurdle_Low.prefab
  artifactKey: Guid(816bf2ba8ffcdc948a30693bbce23e33) Importer(815301076,1909f56bfc062723c751e8b465ee728b)
Start importing Assets/Prefabs/Hurdle_Low.prefab using Guid(816bf2ba8ffcdc948a30693bbce23e33) Importer(815301076,1909f56bfc062723c751e8b465ee728b)  -> (artifact id: '64b8cd8465d3e46367a113a1a36ef45b') in 0.064853 seconds 
========================================================================
Received Import Request.
  Time since last request: 12.812583 seconds.
  path: Assets/Prefabs/Hurdle_Low.prefab
  artifactKey: Guid(816bf2ba8ffcdc948a30693bbce23e33) Importer(815301076,1909f56bfc062723c751e8b465ee728b)
Start importing Assets/Prefabs/Hurdle_Low.prefab using Guid(816bf2ba8ffcdc948a30693bbce23e33) Importer(815301076,1909f56bfc062723c751e8b465ee728b)  -> (artifact id: 'db10ec1e44e052f59239851b1a14d357') in 0.007037 seconds 
========================================================================
Received Import Request.
  Time since last request: 4.636129 seconds.
  path: Assets/Prefabs/Hurdle_Low.prefab
  artifactKey: Guid(816bf2ba8ffcdc948a30693bbce23e33) Importer(815301076,1909f56bfc062723c751e8b465ee728b)
Start importing Assets/Prefabs/Hurdle_Low.prefab using Guid(816bf2ba8ffcdc948a30693bbce23e33) Importer(815301076,1909f56bfc062723c751e8b465ee728b)  -> (artifact id: '5c0b61f37158329be6dbe359551dd491') in 0.006451 seconds 
========================================================================
Received Import Request.
  Time since last request: 4.823690 seconds.
  path: Assets/Prefabs/Hurdle_Low.prefab
  artifactKey: Guid(816bf2ba8ffcdc948a30693bbce23e33) Importer(815301076,1909f56bfc062723c751e8b465ee728b)
Start importing Assets/Prefabs/Hurdle_Low.prefab using Guid(816bf2ba8ffcdc948a30693bbce23e33) Importer(815301076,1909f56bfc062723c751e8b465ee728b)  -> (artifact id: '44b0fa4f91036f2a4332a85ce6b38826') in 0.008520 seconds 
========================================================================
Received Import Request.
  Time since last request: 0.977147 seconds.
  path: Assets/Prefabs/Hurdle_Low.prefab
  artifactKey: Guid(816bf2ba8ffcdc948a30693bbce23e33) Importer(815301076,1909f56bfc062723c751e8b465ee728b)
Start importing Assets/Prefabs/Hurdle_Low.prefab using Guid(816bf2ba8ffcdc948a30693bbce23e33) Importer(815301076,1909f56bfc062723c751e8b465ee728b)  -> (artifact id: '07f36b3cae92578094095bfc73106f2a') in 0.006382 seconds 
========================================================================
Received Import Request.
  Time since last request: 9.080987 seconds.
  path: Assets/Prefabs/Hurdle_Low.prefab
  artifactKey: Guid(816bf2ba8ffcdc948a30693bbce23e33) Importer(815301076,1909f56bfc062723c751e8b465ee728b)
Start importing Assets/Prefabs/Hurdle_Low.prefab using Guid(816bf2ba8ffcdc948a30693bbce23e33) Importer(815301076,1909f56bfc062723c751e8b465ee728b)  -> (artifact id: '689e53bbb9e784d6de68ff3690087542') in 0.008595 seconds 
========================================================================
Received Import Request.
  Time since last request: 21.802131 seconds.
  path: Assets/Prefabs/Hurdle_Low.prefab
  artifactKey: Guid(816bf2ba8ffcdc948a30693bbce23e33) Importer(815301076,1909f56bfc062723c751e8b465ee728b)
Start importing Assets/Prefabs/Hurdle_Low.prefab using Guid(816bf2ba8ffcdc948a30693bbce23e33) Importer(815301076,1909f56bfc062723c751e8b465ee728b)  -> (artifact id: '94df0e9d0eaa44aeadcd39a07ad5f190') in 0.009768 seconds 
========================================================================
Received Import Request.
  Time since last request: 60.838584 seconds.
  path: Assets/Prefabs/Hurdle_Low.prefab
  artifactKey: Guid(816bf2ba8ffcdc948a30693bbce23e33) Importer(815301076,1909f56bfc062723c751e8b465ee728b)
Start importing Assets/Prefabs/Hurdle_Low.prefab using Guid(816bf2ba8ffcdc948a30693bbce23e33) Importer(815301076,1909f56bfc062723c751e8b465ee728b)  -> (artifact id: '76fcc762517287e790306e7cf02cbcc3') in 0.013644 seconds 
========================================================================
Received Import Request.
  Time since last request: 28.609438 seconds.
  path: Assets/Prefabs/Hurdle_Low 1.prefab
  artifactKey: Guid(96b233051b3685848a1c8271a58834f3) Importer(815301076,1909f56bfc062723c751e8b465ee728b)
Start importing Assets/Prefabs/Hurdle_Low 1.prefab using Guid(96b233051b3685848a1c8271a58834f3) Importer(815301076,1909f56bfc062723c751e8b465ee728b)  -> (artifact id: 'e24b66de8b931282f41b5837b57a03d6') in 0.010247 seconds 
========================================================================
Received Import Request.
  Time since last request: 0.997032 seconds.
  path: Assets/Prefabs/Hurdle_Low 2.prefab
  artifactKey: Guid(2bb314f187f8bd04c8883be7842e5f87) Importer(815301076,1909f56bfc062723c751e8b465ee728b)
Start importing Assets/Prefabs/Hurdle_Low 2.prefab using Guid(2bb314f187f8bd04c8883be7842e5f87) Importer(815301076,1909f56bfc062723c751e8b465ee728b)  -> (artifact id: 'e954127f2f656a4fe160cc381939b240') in 0.012424 seconds 
========================================================================
Received Import Request.
  Time since last request: 12.780214 seconds.
  path: Assets/Prefabs/Hurdle_Low.prefab
  artifactKey: Guid(816bf2ba8ffcdc948a30693bbce23e33) Importer(815301076,1909f56bfc062723c751e8b465ee728b)
Start importing Assets/Prefabs/Hurdle_Low.prefab using Guid(816bf2ba8ffcdc948a30693bbce23e33) Importer(815301076,1909f56bfc062723c751e8b465ee728b)  -> (artifact id: 'dc483cb9c9d13a695f6051d0dc53d935') in 0.005841 seconds 
========================================================================
Received Import Request.
  Time since last request: 3.044198 seconds.
  path: Assets/Prefabs/Hurdle_Low 1.prefab
  artifactKey: Guid(96b233051b3685848a1c8271a58834f3) Importer(815301076,1909f56bfc062723c751e8b465ee728b)
Start importing Assets/Prefabs/Hurdle_Low 1.prefab using Guid(96b233051b3685848a1c8271a58834f3) Importer(815301076,1909f56bfc062723c751e8b465ee728b)  -> (artifact id: '5344832bb2742c7a24f4cfdfc30a4cca') in 0.005791 seconds 
========================================================================
Received Import Request.
  Time since last request: 9.129533 seconds.
  path: Assets/Prefabs/Hurdle_Low_middle.prefab
  artifactKey: Guid(96b233051b3685848a1c8271a58834f3) Importer(815301076,1909f56bfc062723c751e8b465ee728b)
Start importing Assets/Prefabs/Hurdle_Low_middle.prefab using Guid(96b233051b3685848a1c8271a58834f3) Importer(815301076,1909f56bfc062723c751e8b465ee728b)  -> (artifact id: '6f22307bf972f1272813cf4d8423240b') in 0.009471 seconds 
========================================================================
Received Import Request.
  Time since last request: 6.677457 seconds.
  path: Assets/Prefabs/Hurdle_Low_left.prefab
  artifactKey: Guid(816bf2ba8ffcdc948a30693bbce23e33) Importer(815301076,1909f56bfc062723c751e8b465ee728b)
Start importing Assets/Prefabs/Hurdle_Low_left.prefab using Guid(816bf2ba8ffcdc948a30693bbce23e33) Importer(815301076,1909f56bfc062723c751e8b465ee728b)  -> (artifact id: '6bb3eb28a5dff475b22be21fe1630c8a') in 0.009760 seconds 
========================================================================
Received Import Request.
  Time since last request: 16.354295 seconds.
  path: Assets/Prefabs/Hurdle_Low_R.prefab
  artifactKey: Guid(96b233051b3685848a1c8271a58834f3) Importer(815301076,1909f56bfc062723c751e8b465ee728b)
Start importing Assets/Prefabs/Hurdle_Low_R.prefab using Guid(96b233051b3685848a1c8271a58834f3) Importer(815301076,1909f56bfc062723c751e8b465ee728b)  -> (artifact id: 'c6d5293f7a669f167726d2697097d390') in 0.011627 seconds 
========================================================================
Received Import Request.
  Time since last request: 8.336257 seconds.
  path: Assets/Prefabs/Hurdle_Low_L.prefab
  artifactKey: Guid(816bf2ba8ffcdc948a30693bbce23e33) Importer(815301076,1909f56bfc062723c751e8b465ee728b)
Start importing Assets/Prefabs/Hurdle_Low_L.prefab using Guid(816bf2ba8ffcdc948a30693bbce23e33) Importer(815301076,1909f56bfc062723c751e8b465ee728b)  -> (artifact id: '383eb7157457959d7c546db020ed3e81') in 0.011354 seconds 
========================================================================
Received Import Request.
  Time since last request: 12.178240 seconds.
  path: Assets/Prefabs/Hurdle_Low_M.prefab
  artifactKey: Guid(2bb314f187f8bd04c8883be7842e5f87) Importer(815301076,1909f56bfc062723c751e8b465ee728b)
Start importing Assets/Prefabs/Hurdle_Low_M.prefab using Guid(2bb314f187f8bd04c8883be7842e5f87) Importer(815301076,1909f56bfc062723c751e8b465ee728b)  -> (artifact id: '6101bd429df87204edbdf3cc3fad341c') in 0.010339 seconds 
========================================================================
Received Import Request.
  Time since last request: 10.040739 seconds.
  path: Assets/Prefabs/Hurdle_Low_R.prefab
  artifactKey: Guid(96b233051b3685848a1c8271a58834f3) Importer(815301076,1909f56bfc062723c751e8b465ee728b)
Start importing Assets/Prefabs/Hurdle_Low_R.prefab using Guid(96b233051b3685848a1c8271a58834f3) Importer(815301076,1909f56bfc062723c751e8b465ee728b)  -> (artifact id: '21a5d50810710836fb61b99b616b8351') in 0.007481 seconds 
========================================================================
Received Import Request.
  Time since last request: 9.390514 seconds.
  path: Assets/Prefabs/Hurdle_Low_M.prefab
  artifactKey: Guid(2bb314f187f8bd04c8883be7842e5f87) Importer(815301076,1909f56bfc062723c751e8b465ee728b)
Start importing Assets/Prefabs/Hurdle_Low_M.prefab using Guid(2bb314f187f8bd04c8883be7842e5f87) Importer(815301076,1909f56bfc062723c751e8b465ee728b)  -> (artifact id: '5308b773d6c676aab078056200eeae1b') in 0.006857 seconds 
========================================================================
Received Prepare
Registering precompiled user dll's ...
Registered in 0.003608 seconds.
Begin MonoManager ReloadAssembly
Symbol file LoadedFromMemory doesn't match image C:\Users\PC\Repo\Working_Unity_projects\Unity_Projects\KFC_Surfers\Library\PackageCache\com.unity.visualscripting@1.7.8\Editor\VisualScripting.Core\Dependencies\YamlDotNet\Unity.VisualScripting.YamlDotNet.dll
Symbol file LoadedFromMemory doesn't match image C:\Users\PC\Repo\Working_Unity_projects\Unity_Projects\KFC_Surfers\Library\PackageCache\com.unity.visualscripting@1.7.8\Editor\VisualScripting.Core\Dependencies\DotNetZip\Unity.VisualScripting.IonicZip.dll
Native extension for WindowsStandalone target not found
Refreshing native plugins compatible for Editor in 0.42 ms, found 3 plugins.
Preloading 0 native plugins for Editor in 0.00 ms.
Mono: successfully reloaded assembly
- Completed reload, in  0.705 seconds
Domain Reload Profiling:
	ReloadAssembly (705ms)
		BeginReloadAssembly (109ms)
			ExecutionOrderSort (0ms)
			DisableScriptedObjects (3ms)
			BackupInstance (0ms)
			ReleaseScriptingObjects (0ms)
			CreateAndSetChildDomain (37ms)
		EndReloadAssembly (527ms)
			LoadAssemblies (71ms)
			RebuildTransferFunctionScriptingTraits (0ms)
			SetupTypeCache (176ms)
				TypeCache.Initialize (173ms)
					TypeCache.ScanAssembly (169ms)
				ResolveRequiredComponents (3ms)
			ReleaseScriptCaches (1ms)
			RebuildScriptCaches (26ms)
			SetupLoadedEditorAssemblies (225ms)
				LogAssemblyErrors (0ms)
				InitializePlatformSupportModulesInManaged (9ms)
				SetLoadedEditorAssemblies (5ms)
				RefreshPlugins (0ms)
				BeforeProcessingInitializeOnLoad (44ms)
				ProcessInitializeOnLoadAttributes (142ms)
				ProcessInitializeOnLoadMethodAttributes (18ms)
				AfterProcessingInitializeOnLoad (5ms)
				EditorAssembliesLoaded (0ms)
			ExecutionOrderSort2 (0ms)
			AwakeInstancesAfterBackupRestoration (4ms)
Platform modules already initialized, skipping
Refreshing native plugins compatible for Editor in 1.29 ms, found 3 plugins.
Preloading 0 native plugins for Editor in 0.00 ms.
Unloading 3398 Unused Serialized files (Serialized files now loaded: 0)
Unloading 18 unused Assets / (24.6 KB). Loaded Objects now: 3878.
Memory consumption went from 0.51 GB to 0.51 GB.
Total: 2.205500 ms (FindLiveObjects: 0.178700 ms CreateObjectMapping: 0.080200 ms MarkObjects: 1.924500 ms  DeleteObjects: 0.021200 ms)

AssetImportParameters requested are different than current active one (requested -> active):
  custom:video-decoder-ogg-theora: a1e56fd34408186e4bbccfd4996cb3dc -> 
  custom:container-muxer-webm: aa71ff27fc2769a1b78a27578f13a17b -> 
  custom:container-demuxer-webm: 4f35f7cbe854078d1ac9338744f61a02 -> 
  custom:video-encoder-webm-vp8: eb34c28f22e8b96e1ab97ce403110664 -> 
  custom:audio-encoder-webm-vorbis: bf7c407c2cedff20999df2af8eb42d56 -> 
  custom:framework-win-MediaFoundation: 216162199b28c13a410421893ffa2e32 -> 
  custom:container-demuxer-ogg: 62fdf1f143b41e24485cea50d1cbac27 -> 
  custom:video-decoder-webm-vp8: 9c59270c3fd7afecdb556c50c9e8de78 -> 
  custom:audio-decoder-ogg-vorbis: bf7c407c2cedff20999df2af8eb42d56 -> 
========================================================================
Received Import Request.
  Time since last request: 796.226314 seconds.
  path: Assets/Textures
  artifactKey: Guid(f0438a856fe8e3649a7528dc1624437b) Importer(815301076,1909f56bfc062723c751e8b465ee728b)
Start importing Assets/Textures using Guid(f0438a856fe8e3649a7528dc1624437b) Importer(815301076,1909f56bfc062723c751e8b465ee728b)  -> (artifact id: '0dfea681bde28ba40cb0c853b5d6e7cf') in 0.022299 seconds 
========================================================================
Received Import Request.
  Time since last request: 0.048630 seconds.
  path: Assets/Textures/GroundMaterial.mat
  artifactKey: Guid(97eb88e8d3c944c4a9ff0a6a677c891d) Importer(815301076,1909f56bfc062723c751e8b465ee728b)
Start importing Assets/Textures/GroundMaterial.mat using Guid(97eb88e8d3c944c4a9ff0a6a677c891d) Importer(815301076,1909f56bfc062723c751e8b465ee728b)  -> (artifact id: '382ee62b816c60d236787aa91c92531c') in 0.061746 seconds 
========================================================================
Received Import Request.
  Time since last request: 0.000018 seconds.
  path: Assets/Textures/RED.mat
  artifactKey: Guid(cf26b3cb83693624a888d8a87c58abca) Importer(815301076,1909f56bfc062723c751e8b465ee728b)
Start importing Assets/Textures/RED.mat using Guid(cf26b3cb83693624a888d8a87c58abca) Importer(815301076,1909f56bfc062723c751e8b465ee728b)  -> (artifact id: 'c065cfa7af096ee7cba80d6cd9a8542d') in 0.010448 seconds 
========================================================================
Received Import Request.
  Time since last request: 2.966826 seconds.
  path: Assets/TeKniKo_Free
  artifactKey: Guid(7e2041971bb661546b441e3c7f5780f8) Importer(815301076,1909f56bfc062723c751e8b465ee728b)
Start importing Assets/TeKniKo_Free using Guid(7e2041971bb661546b441e3c7f5780f8) Importer(815301076,1909f56bfc062723c751e8b465ee728b)  -> (artifact id: '4f1772ce0d75c8b90718914173db545c') in 0.006560 seconds 
========================================================================
Received Import Request.
  Time since last request: 4.142461 seconds.
  path: Assets/TeKniKo_Free/Power_Ups
  artifactKey: Guid(458911f21b9a9f646ae074b25a2b6b40) Importer(815301076,1909f56bfc062723c751e8b465ee728b)
Start importing Assets/TeKniKo_Free/Power_Ups using Guid(458911f21b9a9f646ae074b25a2b6b40) Importer(815301076,1909f56bfc062723c751e8b465ee728b)  -> (artifact id: '81e02080f3fd229b5e31800afdd4de54') in 0.009316 seconds 
========================================================================
Received Import Request.
  Time since last request: 2.002115 seconds.
  path: Assets/Scripts
  artifactKey: Guid(6fbf796ec385dd447808b776b8461652) Importer(815301076,1909f56bfc062723c751e8b465ee728b)
Start importing Assets/Scripts using Guid(6fbf796ec385dd447808b776b8461652) Importer(815301076,1909f56bfc062723c751e8b465ee728b)  -> (artifact id: 'a45f709fa5648a873fbf324cf70088a0') in 0.005330 seconds 
========================================================================
Received Import Request.
  Time since last request: 0.887912 seconds.
  path: Assets/Scenes
  artifactKey: Guid(e1f0be5bc1f768a4d840182d11767a75) Importer(815301076,1909f56bfc062723c751e8b465ee728b)
Start importing Assets/Scenes using Guid(e1f0be5bc1f768a4d840182d11767a75) Importer(815301076,1909f56bfc062723c751e8b465ee728b)  -> (artifact id: '2d5f8ec57c20dfe790b7c2cb74108051') in 0.005188 seconds 
========================================================================
Received Prepare
Registering precompiled user dll's ...
Registered in 0.003481 seconds.
Begin MonoManager ReloadAssembly
Symbol file LoadedFromMemory doesn't match image C:\Users\PC\Repo\Working_Unity_projects\Unity_Projects\KFC_Surfers\Library\PackageCache\com.unity.visualscripting@1.7.8\Editor\VisualScripting.Core\Dependencies\YamlDotNet\Unity.VisualScripting.YamlDotNet.dll
Symbol file LoadedFromMemory doesn't match image C:\Users\PC\Repo\Working_Unity_projects\Unity_Projects\KFC_Surfers\Library\PackageCache\com.unity.visualscripting@1.7.8\Editor\VisualScripting.Core\Dependencies\DotNetZip\Unity.VisualScripting.IonicZip.dll
Native extension for WindowsStandalone target not found
Refreshing native plugins compatible for Editor in 0.44 ms, found 3 plugins.
Preloading 0 native plugins for Editor in 0.00 ms.
Mono: successfully reloaded assembly
- Completed reload, in  0.688 seconds
Domain Reload Profiling:
	ReloadAssembly (689ms)
		BeginReloadAssembly (96ms)
			ExecutionOrderSort (0ms)
			DisableScriptedObjects (3ms)
			BackupInstance (0ms)
			ReleaseScriptingObjects (0ms)
			CreateAndSetChildDomain (27ms)
		EndReloadAssembly (525ms)
			LoadAssemblies (59ms)
			RebuildTransferFunctionScriptingTraits (0ms)
			SetupTypeCache (173ms)
				TypeCache.Initialize (170ms)
					TypeCache.ScanAssembly (167ms)
				ResolveRequiredComponents (3ms)
			ReleaseScriptCaches (1ms)
			RebuildScriptCaches (28ms)
			SetupLoadedEditorAssemblies (225ms)
				LogAssemblyErrors (0ms)
				InitializePlatformSupportModulesInManaged (10ms)
				SetLoadedEditorAssemblies (5ms)
				RefreshPlugins (0ms)
				BeforeProcessingInitializeOnLoad (43ms)
				ProcessInitializeOnLoadAttributes (144ms)
				ProcessInitializeOnLoadMethodAttributes (18ms)
				AfterProcessingInitializeOnLoad (5ms)
				EditorAssembliesLoaded (0ms)
			ExecutionOrderSort2 (0ms)
			AwakeInstancesAfterBackupRestoration (4ms)
Platform modules already initialized, skipping
Refreshing native plugins compatible for Editor in 1.18 ms, found 3 plugins.
Preloading 0 native plugins for Editor in 0.00 ms.
Unloading 3398 Unused Serialized files (Serialized files now loaded: 0)
Unloading 18 unused Assets / (24.6 KB). Loaded Objects now: 3914.
Memory consumption went from 0.51 GB to 0.51 GB.
Total: 2.095400 ms (FindLiveObjects: 0.167500 ms CreateObjectMapping: 0.074000 ms MarkObjects: 1.834600 ms  DeleteObjects: 0.018300 ms)

AssetImportParameters requested are different than current active one (requested -> active):
  custom:video-decoder-ogg-theora: a1e56fd34408186e4bbccfd4996cb3dc -> 
  custom:container-muxer-webm: aa71ff27fc2769a1b78a27578f13a17b -> 
  custom:container-demuxer-webm: 4f35f7cbe854078d1ac9338744f61a02 -> 
  custom:video-encoder-webm-vp8: eb34c28f22e8b96e1ab97ce403110664 -> 
  custom:audio-encoder-webm-vorbis: bf7c407c2cedff20999df2af8eb42d56 -> 
  custom:framework-win-MediaFoundation: 216162199b28c13a410421893ffa2e32 -> 
  custom:container-demuxer-ogg: 62fdf1f143b41e24485cea50d1cbac27 -> 
  custom:video-decoder-webm-vp8: 9c59270c3fd7afecdb556c50c9e8de78 -> 
  custom:audio-decoder-ogg-vorbis: bf7c407c2cedff20999df2af8eb42d56 -> 
========================================================================
Received Prepare
Registering precompiled user dll's ...
Registered in 0.003458 seconds.
Begin MonoManager ReloadAssembly
Symbol file LoadedFromMemory doesn't match image C:\Users\PC\Repo\Working_Unity_projects\Unity_Projects\KFC_Surfers\Library\PackageCache\com.unity.visualscripting@1.7.8\Editor\VisualScripting.Core\Dependencies\YamlDotNet\Unity.VisualScripting.YamlDotNet.dll
Symbol file LoadedFromMemory doesn't match image C:\Users\PC\Repo\Working_Unity_projects\Unity_Projects\KFC_Surfers\Library\PackageCache\com.unity.visualscripting@1.7.8\Editor\VisualScripting.Core\Dependencies\DotNetZip\Unity.VisualScripting.IonicZip.dll
Native extension for WindowsStandalone target not found
Refreshing native plugins compatible for Editor in 0.42 ms, found 3 plugins.
Preloading 0 native plugins for Editor in 0.00 ms.
Mono: successfully reloaded assembly
- Completed reload, in  0.665 seconds
Domain Reload Profiling:
	ReloadAssembly (666ms)
		BeginReloadAssembly (93ms)
			ExecutionOrderSort (0ms)
			DisableScriptedObjects (3ms)
			BackupInstance (0ms)
			ReleaseScriptingObjects (0ms)
			CreateAndSetChildDomain (24ms)
		EndReloadAssembly (505ms)
			LoadAssemblies (58ms)
			RebuildTransferFunctionScriptingTraits (0ms)
			SetupTypeCache (171ms)
				TypeCache.Initialize (169ms)
					TypeCache.ScanAssembly (165ms)
				ResolveRequiredComponents (3ms)
			ReleaseScriptCaches (1ms)
			RebuildScriptCaches (25ms)
			SetupLoadedEditorAssemblies (219ms)
				LogAssemblyErrors (0ms)
				InitializePlatformSupportModulesInManaged (9ms)
				SetLoadedEditorAssemblies (5ms)
				RefreshPlugins (0ms)
				BeforeProcessingInitializeOnLoad (42ms)
				ProcessInitializeOnLoadAttributes (140ms)
				ProcessInitializeOnLoadMethodAttributes (17ms)
				AfterProcessingInitializeOnLoad (5ms)
				EditorAssembliesLoaded (0ms)
			ExecutionOrderSort2 (0ms)
			AwakeInstancesAfterBackupRestoration (4ms)
Platform modules already initialized, skipping
Refreshing native plugins compatible for Editor in 1.18 ms, found 3 plugins.
Preloading 0 native plugins for Editor in 0.00 ms.
Unloading 3398 Unused Serialized files (Serialized files now loaded: 0)
Unloading 18 unused Assets / (24.6 KB). Loaded Objects now: 3917.
Memory consumption went from 0.51 GB to 0.51 GB.
Total: 2.011400 ms (FindLiveObjects: 0.175700 ms CreateObjectMapping: 0.080600 ms MarkObjects: 1.734100 ms  DeleteObjects: 0.020000 ms)

AssetImportParameters requested are different than current active one (requested -> active):
  custom:video-decoder-ogg-theora: a1e56fd34408186e4bbccfd4996cb3dc -> 
  custom:container-muxer-webm: aa71ff27fc2769a1b78a27578f13a17b -> 
  custom:container-demuxer-webm: 4f35f7cbe854078d1ac9338744f61a02 -> 
  custom:video-encoder-webm-vp8: eb34c28f22e8b96e1ab97ce403110664 -> 
  custom:audio-encoder-webm-vorbis: bf7c407c2cedff20999df2af8eb42d56 -> 
  custom:framework-win-MediaFoundation: 216162199b28c13a410421893ffa2e32 -> 
  custom:container-demuxer-ogg: 62fdf1f143b41e24485cea50d1cbac27 -> 
  custom:video-decoder-webm-vp8: 9c59270c3fd7afecdb556c50c9e8de78 -> 
  custom:audio-decoder-ogg-vorbis: bf7c407c2cedff20999df2af8eb42d56 -> 
